<?xml version="1.0" encoding="UTF-8"?>
<testsuite name="com.virgingames.CucumberRunner" time="2.057" tests="8" errors="0" skipped="0" failures="0">
  <properties>
[...]
</properties>
  <testcase name="Given I am on virgin games application" classname="Scenario: Virgin Games Venture ID" time="0.001"/>
  <testcase name="When I send a request to get all data" classname="Scenario: Virgin Games Venture ID" time="0"/>
  <testcase name="Then I should verify the stream ID is 194" classname="Scenario: Virgin Games Venture ID" time="0"/>
  <testcase name="Scenario: Virgin Games Venture ID" classname="Scenario: Virgin Games Venture ID" time="1.986"/>
  <testcase name="Given I am on virgin games application" classname="Scenario: Virgin Games Maximum Number of Cards" time="0"/>
  <testcase name="When I send a request to get all data" classname="Scenario: Virgin Games Maximum Number of Cards" time="0"/>
  <testcase name="Then I should verify maximum number of cards" classname="Scenario: Virgin Games Maximum Number of Cards" time="0"/>
  <testcase name="Scenario: Virgin Games Maximum Number of Cards" classname="Scenario: Virgin Games Maximum Number of Cards" time="0.07"/>
</testsuite>